<?xml version="1.0" encoding="UTF-8"?>
<testng-results ignored="0" total="1" passed="1" failed="0" skipped="0">
  <reporter-output>
  </reporter-output>
  <suite started-at="2024-07-21T21:29:35 ICT" name="Default suite" finished-at="2024-07-21T21:29:35 ICT" duration-ms="88">
    <groups>
    </groups>
    <test started-at="2024-07-21T21:29:35 ICT" name="Default test" finished-at="2024-07-21T21:29:35 ICT" duration-ms="88">
      <class name="automation.testsuite.Day7_Test">
        <test-method is-config="true" signature="openBrowser()[pri:0, instance:automation.testsuite.Day7_Test@6253c26]" started-at="2024-07-21T21:29:35 ICT" name="openBrowser" finished-at="2024-07-21T21:29:35 ICT" duration-ms="22" status="PASS">
          <reporter-output>
          </reporter-output>
        </test-method> <!-- openBrowser -->
        <test-method signature="testCase_1()[pri:0, instance:automation.testsuite.Day7_Test@6253c26]" started-at="2024-07-21T21:29:35 ICT" name="testCase_1" finished-at="2024-07-21T21:29:35 ICT" duration-ms="16" status="PASS">
          <reporter-output>
          </reporter-output>
        </test-method> <!-- testCase_1 -->
        <test-method is-config="true" signature="closeBrowser()[pri:0, instance:automation.testsuite.Day7_Test@6253c26]" started-at="2024-07-21T21:29:35 ICT" name="closeBrowser" finished-at="2024-07-21T21:29:35 ICT" duration-ms="1" status="PASS">
          <reporter-output>
          </reporter-output>
        </test-method> <!-- closeBrowser -->
      </class> <!-- automation.testsuite.Day7_Test -->
    </test> <!-- Default test -->
  </suite> <!-- Default suite -->
</testng-results>
